This is XeTeX, Version 3.141592653-2.6-0.999996 (TeX Live 2024) (preloaded format=xelatex 2024.9.11)  12 SEP 2024 02:46
entering extended mode
 restricted \write18 enabled.
 %&-line parsing enabled.
**_main.tex
(./_main.tex
LaTeX2e <2024-06-01> patch level 2
L3 programming layer <2024-08-30>
(/home/redapemusic35/.TinyTeX/texmf-dist/tex/latex/base/book.cls
Document Class: book 2024/02/08 v1.4n Standard LaTeX document class
(/home/redapemusic35/.TinyTeX/texmf-dist/tex/latex/base/bk12.clo
File: bk12.clo 2024/02/08 v1.4n Standard LaTeX file (size option)
)
\c@part=\count190
\c@chapter=\count191
\c@section=\count192
\c@subsection=\count193
\c@subsubsection=\count194
\c@paragraph=\count195
\c@subparagraph=\count196
\c@figure=\count197
\c@table=\count198
\abovecaptionskip=\skip49
\belowcaptionskip=\skip50
\bibindent=\dimen141
) (/home/redapemusic35/.TinyTeX/texmf-dist/tex/latex/geometry/geometry.sty
Package: geometry 2020/01/02 v5.9 Page Geometry
(/home/redapemusic35/.TinyTeX/texmf-dist/tex/latex/graphics/keyval.sty
Package: keyval 2022/05/29 v1.15 key=value parser (DPC)
\KV@toks@=\toks17
) (/home/redapemusic35/.TinyTeX/texmf-dist/tex/generic/iftex/ifvtex.sty
Package: ifvtex 2019/10/25 v1.7 ifvtex legacy package. Use iftex instead.
(/home/redapemusic35/.TinyTeX/texmf-dist/tex/generic/iftex/iftex.sty
Package: iftex 2022/02/03 v1.0f TeX engine tests
))
\Gm@cnth=\count199
\Gm@cntv=\count266
\c@Gm@tempcnt=\count267
\Gm@bindingoffset=\dimen142
\Gm@wd@mp=\dimen143
\Gm@odd@mp=\dimen144
\Gm@even@mp=\dimen145
\Gm@layoutwidth=\dimen146
\Gm@layoutheight=\dimen147
\Gm@layouthoffset=\dimen148
\Gm@layoutvoffset=\dimen149
\Gm@dimlist=\toks18
) (/home/redapemusic35/.TinyTeX/texmf-dist/tex/latex/amscls/amsthm.sty
Package: amsthm 2020/05/29 v2.20.6
\thm@style=\toks19
\thm@bodyfont=\toks20
\thm@headfont=\toks21
\thm@notefont=\toks22
\thm@headpunct=\toks23
\thm@preskip=\skip51
\thm@postskip=\skip52
\thm@headsep=\skip53
\dth@everypar=\toks24
) (/home/redapemusic35/.TinyTeX/texmf-dist/tex/latex/amsfonts/amssymb.sty
Package: amssymb 2013/01/14 v3.01 AMS font symbols
(/home/redapemusic35/.TinyTeX/texmf-dist/tex/latex/amsfonts/amsfonts.sty
Package: amsfonts 2013/01/14 v3.01 Basic AMSFonts support
\@emptytoks=\toks25
\symAMSa=\mathgroup4
\symAMSb=\mathgroup5
LaTeX Font Info:    Redeclaring math symbol \hbar on input line 98.
LaTeX Font Info:    Overwriting math alphabet `\mathfrak' in version `bold'
(Font)                  U/euf/m/n --> U/euf/b/n on input line 106.
)) (/home/redapemusic35/.TinyTeX/texmf-dist/tex/latex/thmtools/thmtools.sty
Package: thmtools 2023/05/04 v0.76
\thmt@toks=\toks26
\c@thmt@dummyctr=\count268
(/home/redapemusic35/.TinyTeX/texmf-dist/tex/latex/thmtools/thm-patch.sty
Package: thm-patch 2023/05/04 v0.76
(/home/redapemusic35/.TinyTeX/texmf-dist/tex/latex/thmtools/parseargs.sty
Package: parseargs 2023/05/04 v0.76
\@parsespec=\toks27
)) (/home/redapemusic35/.TinyTeX/texmf-dist/tex/latex/thmtools/thm-kv.sty
Package: thm-kv 2023/05/04 v0.76
Package thm-kv Info: Theorem names will be uppercased on input line 42.
(/home/redapemusic35/.TinyTeX/texmf-dist/tex/latex/kvsetkeys/kvsetkeys.sty
Package: kvsetkeys 2022-10-05 v1.19 Key value parser (HO)
)
Package thm-kv Info: kvsetkeys patch (v1.16 or later) on input line 158.
) (/home/redapemusic35/.TinyTeX/texmf-dist/tex/latex/thmtools/thm-autoref.sty
Package: thm-autoref 2023/05/04 v0.76
(/home/redapemusic35/.TinyTeX/texmf-dist/tex/latex/thmtools/aliasctr.sty
Package: aliasctr 2023/05/04 v0.76
)) (/home/redapemusic35/.TinyTeX/texmf-dist/tex/latex/thmtools/thm-listof.sty
Package: thm-listof 2023/05/04 v0.76
) (/home/redapemusic35/.TinyTeX/texmf-dist/tex/latex/thmtools/thm-restate.sty
Package: thm-restate 2023/05/04 v0.76
) (/home/redapemusic35/.TinyTeX/texmf-dist/tex/latex/thmtools/thm-amsthm.sty
Package: thm-amsthm 2023/05/04 v0.76
\thmt@style@headstyle=\toks28
))
\c@theorem=\count269
(/home/redapemusic35/.TinyTeX/texmf-dist/tex/latex/setspace/setspace.sty
Package: setspace 2022/12/04 v6.7b set line spacing
) (/home/redapemusic35/.TinyTeX/texmf-dist/tex/latex/fontspec/fontspec.sty (/home/redapemusic35/.TinyTeX/texmf-dist/tex/latex/l3packages/xparse/xparse.sty (/home/redapemusic35/.TinyTeX/texmf-dist/tex/latex/l3kernel/expl3.sty
Package: expl3 2024-08-30 L3 programming layer (loader) 
(/home/redapemusic35/.TinyTeX/texmf-dist/tex/latex/l3backend/l3backend-xetex.def
File: l3backend-xetex.def 2024-05-08 L3 backend support: XeTeX
\g__graphics_track_int=\count270
\l__pdf_internal_box=\box52
\g__pdf_backend_annotation_int=\count271
\g__pdf_backend_link_int=\count272
))
Package: xparse 2024-08-16 L3 Experimental document command parser
)
Package: fontspec 2024/05/11 v2.9e Font selection for XeLaTeX and LuaLaTeX
(/home/redapemusic35/.TinyTeX/texmf-dist/tex/latex/fontspec/fontspec-xetex.sty
Package: fontspec-xetex 2024/05/11 v2.9e Font selection for XeLaTeX and LuaLaTeX
\l__fontspec_script_int=\count273
\l__fontspec_language_int=\count274
\l__fontspec_strnum_int=\count275
\l__fontspec_tmp_int=\count276
\l__fontspec_tmpa_int=\count277
\l__fontspec_tmpb_int=\count278
\l__fontspec_tmpc_int=\count279
\l__fontspec_em_int=\count280
\l__fontspec_emdef_int=\count281
\l__fontspec_strong_int=\count282
\l__fontspec_strongdef_int=\count283
\l__fontspec_tmpa_dim=\dimen150
\l__fontspec_tmpb_dim=\dimen151
\l__fontspec_tmpc_dim=\dimen152
(/home/redapemusic35/.TinyTeX/texmf-dist/tex/latex/base/fontenc.sty
Package: fontenc 2021/04/29 v2.0v Standard LaTeX package
) (/home/redapemusic35/.TinyTeX/texmf-dist/tex/latex/fontspec/fontspec.cfg))) (/home/redapemusic35/.TinyTeX/texmf-dist/tex/latex/titlesec/titlesec.sty
Package: titlesec 2023/10/27 v2.16 Sectioning titles
\ttl@box=\box53
\beforetitleunit=\skip54
\aftertitleunit=\skip55
\ttl@plus=\dimen153
\ttl@minus=\dimen154
\ttl@toksa=\toks29
\titlewidth=\dimen155
\titlewidthlast=\dimen156
\titlewidthfirst=\dimen157
) (/home/redapemusic35/.TinyTeX/texmf-dist/tex/latex/tocloft/tocloft.sty
Package: tocloft 2017/08/31 v2.3i parameterised ToC, etc., typesetting
Package tocloft Info: The document has chapter divisions on input line 51.
\cftparskip=\skip56
\cftbeforetoctitleskip=\skip57
\cftaftertoctitleskip=\skip58
\cftbeforepartskip=\skip59
\cftpartnumwidth=\skip60
\cftpartindent=\skip61
\cftbeforechapskip=\skip62
\cftchapindent=\skip63
\cftchapnumwidth=\skip64
\cftbeforesecskip=\skip65
\cftsecindent=\skip66
\cftsecnumwidth=\skip67
\cftbeforesubsecskip=\skip68
\cftsubsecindent=\skip69
\cftsubsecnumwidth=\skip70
\cftbeforesubsubsecskip=\skip71
\cftsubsubsecindent=\skip72
\cftsubsubsecnumwidth=\skip73
\cftbeforeparaskip=\skip74
\cftparaindent=\skip75
\cftparanumwidth=\skip76
\cftbeforesubparaskip=\skip77
\cftsubparaindent=\skip78
\cftsubparanumwidth=\skip79
\cftbeforeloftitleskip=\skip80
\cftafterloftitleskip=\skip81
\cftbeforefigskip=\skip82
\cftfigindent=\skip83
\cftfignumwidth=\skip84
\c@lofdepth=\count284
\c@lotdepth=\count285
\cftbeforelottitleskip=\skip85
\cftafterlottitleskip=\skip86
\cftbeforetabskip=\skip87
\cfttabindent=\skip88
\cfttabnumwidth=\skip89
) (/home/redapemusic35/.TinyTeX/texmf-dist/tex/latex/booktabs/booktabs.sty
Package: booktabs 2020/01/12 v1.61803398 Publication quality tables
\heavyrulewidth=\dimen158
\lightrulewidth=\dimen159
\cmidrulewidth=\dimen160
\belowrulesep=\dimen161
\belowbottomsep=\dimen162
\aboverulesep=\dimen163
\abovetopsep=\dimen164
\cmidrulesep=\dimen165
\cmidrulekern=\dimen166
\defaultaddspace=\dimen167
\@cmidla=\count286
\@cmidlb=\count287
\@aboverulesep=\dimen168
\@belowrulesep=\dimen169
\@thisruleclass=\count288
\@lastruleclass=\count289
\@thisrulewidth=\dimen170
) (/home/redapemusic35/.TinyTeX/texmf-dist/tex/latex/xcolor/xcolor.sty
Package: xcolor 2023/11/15 v3.01 LaTeX color extensions (UK)
(/home/redapemusic35/.TinyTeX/texmf-dist/tex/latex/graphics-cfg/color.cfg
File: color.cfg 2016/01/02 v1.6 sample color configuration
)
Package xcolor Info: Driver file: xetex.def on input line 274.
(/home/redapemusic35/.TinyTeX/texmf-dist/tex/latex/graphics-def/xetex.def
File: xetex.def 2022/09/22 v5.0n Graphics/color driver for xetex
) (/home/redapemusic35/.TinyTeX/texmf-dist/tex/latex/graphics/mathcolor.ltx)
Package xcolor Info: Model `cmy' substituted by `cmy0' on input line 1350.
Package xcolor Info: Model `RGB' extended on input line 1366.
Package xcolor Info: Model `HTML' substituted by `rgb' on input line 1368.
Package xcolor Info: Model `Hsb' substituted by `hsb' on input line 1369.
Package xcolor Info: Model `tHsb' substituted by `hsb' on input line 1370.
Package xcolor Info: Model `HSB' substituted by `hsb' on input line 1371.
Package xcolor Info: Model `Gray' substituted by `gray' on input line 1372.
Package xcolor Info: Model `wave' substituted by `hsb' on input line 1373.
) (/home/redapemusic35/.TinyTeX/texmf-dist/tex/latex/tools/longtable.sty
Package: longtable 2024-04-26 v4.20 Multi-page Table package (DPC)
\LTleft=\skip90
\LTright=\skip91
\LTpre=\skip92
\LTpost=\skip93
\LTchunksize=\count290
\LTcapwidth=\dimen171
\LT@head=\box54
\LT@firsthead=\box55
\LT@foot=\box56
\LT@lastfoot=\box57
\LT@gbox=\box58
\LT@cols=\count291
\LT@rows=\count292
\c@LT@tables=\count293
\c@LT@chunks=\count294
\LT@p@ftn=\toks30
) (/home/redapemusic35/.TinyTeX/texmf-dist/tex/latex/tools/array.sty
Package: array 2024/06/14 v2.6d Tabular extension package (FMi)
\col@sep=\dimen172
\ar@mcellbox=\box59
\extrarowheight=\dimen173
\NC@list=\toks31
\extratabsurround=\skip94
\backup@length=\skip95
\ar@cellbox=\box60
) (/home/redapemusic35/.TinyTeX/texmf-dist/tex/latex/multirow/multirow.sty
Package: multirow 2021/03/15 v2.8 Span multiple rows of a table
\multirow@colwidth=\skip96
\multirow@cntb=\count295
\multirow@dima=\skip97
\bigstrutjot=\dimen174
) (/home/redapemusic35/.TinyTeX/texmf-dist/tex/latex/wrapfig/wrapfig.sty
\wrapoverhang=\dimen175
\WF@size=\dimen176
\c@WF@wrappedlines=\count296
\WF@box=\box61
\WF@everypar=\toks32
Package: wrapfig 2003/01/31  v 3.6
) (/home/redapemusic35/.TinyTeX/texmf-dist/tex/latex/float/float.sty
Package: float 2001/11/08 v1.3d Float enhancements (AL)
\c@float@type=\count297
\float@exts=\toks33
\float@box=\box62
\@float@everytoks=\toks34
\@floatcapt=\box63
) (/home/redapemusic35/.TinyTeX/texmf-dist/tex/latex/graphics/graphicx.sty
Package: graphicx 2021/09/16 v1.2d Enhanced LaTeX Graphics (DPC,SPQR)
(/home/redapemusic35/.TinyTeX/texmf-dist/tex/latex/graphics/graphics.sty
Package: graphics 2024/05/23 v1.4g Standard LaTeX Graphics (DPC,SPQR)
(/home/redapemusic35/.TinyTeX/texmf-dist/tex/latex/graphics/trig.sty
Package: trig 2023/12/02 v1.11 sin cos tan (DPC)
) (/home/redapemusic35/.TinyTeX/texmf-dist/tex/latex/graphics-cfg/graphics.cfg
File: graphics.cfg 2016/06/04 v1.11 sample graphics configuration
)
Package graphics Info: Driver file: xetex.def on input line 106.
)
\Gin@req@height=\dimen177
\Gin@req@width=\dimen178
) (/home/redapemusic35/.TinyTeX/texmf-dist/tex/latex/colortbl/colortbl.sty
Package: colortbl 2024/07/06 v1.0i Color table columns (DPC)
\everycr=\toks35
\minrowclearance=\skip98
\rownum=\count298
) (/home/redapemusic35/.TinyTeX/texmf-dist/tex/latex/pdflscape/pdflscape.sty
Package: pdflscape 2022-10-27 v0.13 Display of landscape pages in PDF
(/home/redapemusic35/.TinyTeX/texmf-dist/tex/latex/pdflscape/pdflscape-nometadata.sty
Package: pdflscape-nometadata 2022-10-28 v0.13 Display of landscape pages in PDF (HO)
(/home/redapemusic35/.TinyTeX/texmf-dist/tex/latex/graphics/lscape.sty
Package: lscape 2020/05/28 v3.02 Landscape Pages (DPC)
)
Package pdflscape Info: Auto-detected driver: dvipdfm (xetex) on input line 98.
)) (/home/redapemusic35/.TinyTeX/texmf-dist/tex/latex/tabu/tabu.sty
Package: tabu 2019/01/11 v2.9 - flexible LaTeX tabulars (FC+tabu-fixed)
(/home/redapemusic35/.TinyTeX/texmf-dist/tex/latex/varwidth/varwidth.sty
Package: varwidth 2009/03/30 ver 0.92;  Variable-width minipages
\@vwid@box=\box64
\sift@deathcycles=\count299
\@vwid@loff=\dimen179
\@vwid@roff=\dimen180
)
\c@taburow=\count300
\tabu@nbcols=\count301
\tabu@cnt=\count302
\tabu@Xcol=\count303
\tabu@alloc=\count304
\tabu@nested=\count305
\tabu@target=\dimen181
\tabu@spreadtarget=\dimen182
\tabu@naturalX=\dimen183
\tabucolX=\dimen184
\tabu@Xsum=\dimen185
\extrarowdepth=\dimen186
\abovetabulinesep=\dimen187
\belowtabulinesep=\dimen188
\tabustrutrule=\dimen189
\tabu@thebody=\toks36
\tabu@footnotes=\toks37
\tabu@box=\box65
\tabu@arstrutbox=\box66
\tabu@hleads=\box67
\tabu@vleads=\box68
\tabu@cellskip=\skip99
) (/home/redapemusic35/.TinyTeX/texmf-dist/tex/latex/threeparttable/threeparttable.sty
Package: threeparttable 2003/06/13  v 3.0
\@tempboxb=\box69
) (/home/redapemusic35/.TinyTeX/texmf-dist/tex/latex/threeparttablex/threeparttablex.sty
Package: threeparttablex 2013/07/23 v0.3 by daleif
(/home/redapemusic35/.TinyTeX/texmf-dist/tex/latex/environ/environ.sty
Package: environ 2014/05/04 v0.3 A new way to define environments
(/home/redapemusic35/.TinyTeX/texmf-dist/tex/latex/trimspaces/trimspaces.sty
Package: trimspaces 2009/09/17 v1.1 Trim spaces around a token list
)
\@envbody=\toks38
)
\TPTL@width=\skip100
) (/home/redapemusic35/.TinyTeX/texmf-dist/tex/generic/ulem/ulem.sty
\UL@box=\box70
\UL@hyphenbox=\box71
\UL@skip=\skip101
\UL@hook=\toks39
\UL@height=\dimen190
\UL@pe=\count306
\UL@pixel=\dimen191
\ULC@box=\box72
Package: ulem 2019/11/18
\ULdepth=\dimen192
) (/home/redapemusic35/.TinyTeX/texmf-dist/tex/latex/makecell/makecell.sty
Package: makecell 2009/08/03 V0.1e Managing of Tab Column Heads and Cells
\rotheadsize=\dimen193
\c@nlinenum=\count307
\TeXr@lab=\toks40
) (/home/redapemusic35/.TinyTeX/texmf-dist/tex/latex/fancyhdr/fancyhdr.sty
Package: fancyhdr 2024/07/23 v4.3.1 Extensive control of page headers and footers
\f@nch@headwidth=\skip102
\f@nch@O@elh=\skip103
\f@nch@O@erh=\skip104
\f@nch@O@olh=\skip105
\f@nch@O@orh=\skip106
\f@nch@O@elf=\skip107
\f@nch@O@erf=\skip108
\f@nch@O@olf=\skip109
\f@nch@O@orf=\skip110
) (/home/redapemusic35/.TinyTeX/texmf-dist/tex/latex/fancyvrb/fancyvrb.sty
Package: fancyvrb 2024/01/20 4.5c verbatim text (tvz,hv)
\FV@CodeLineNo=\count308
\FV@InFile=\read2
\FV@TabBox=\box73
\c@FancyVerbLine=\count309
\FV@StepNumber=\count310
\FV@OutFile=\write3
) (/home/redapemusic35/.TinyTeX/texmf-dist/tex/latex/hyperref/hyperref.sty
Package: hyperref 2024-07-10 v7.01j Hypertext links for LaTeX
(/home/redapemusic35/.TinyTeX/texmf-dist/tex/generic/kvdefinekeys/kvdefinekeys.sty
Package: kvdefinekeys 2019-12-19 v1.6 Define keys (HO)
) (/home/redapemusic35/.TinyTeX/texmf-dist/tex/generic/pdfescape/pdfescape.sty
Package: pdfescape 2019/12/09 v1.15 Implements pdfTeX's escape features (HO)
(/home/redapemusic35/.TinyTeX/texmf-dist/tex/generic/ltxcmds/ltxcmds.sty
Package: ltxcmds 2023-12-04 v1.26 LaTeX kernel commands for general use (HO)
) (/home/redapemusic35/.TinyTeX/texmf-dist/tex/generic/pdftexcmds/pdftexcmds.sty
Package: pdftexcmds 2020-06-27 v0.33 Utility functions of pdfTeX for LuaTeX (HO)
(/home/redapemusic35/.TinyTeX/texmf-dist/tex/generic/infwarerr/infwarerr.sty
Package: infwarerr 2019/12/03 v1.5 Providing info/warning/error messages (HO)
)
Package pdftexcmds Info: \pdf@primitive is available.
Package pdftexcmds Info: \pdf@ifprimitive is available.
Package pdftexcmds Info: \pdfdraftmode not found.
)) (/home/redapemusic35/.TinyTeX/texmf-dist/tex/latex/hycolor/hycolor.sty
Package: hycolor 2020-01-27 v1.10 Color options for hyperref/bookmark (HO)
) (/home/redapemusic35/.TinyTeX/texmf-dist/tex/latex/hyperref/nameref.sty
Package: nameref 2023-11-26 v2.56 Cross-referencing by name of section
(/home/redapemusic35/.TinyTeX/texmf-dist/tex/latex/refcount/refcount.sty
Package: refcount 2019/12/15 v3.6 Data extraction from label references (HO)
) (/home/redapemusic35/.TinyTeX/texmf-dist/tex/generic/gettitlestring/gettitlestring.sty
Package: gettitlestring 2019/12/15 v1.6 Cleanup title references (HO)
(/home/redapemusic35/.TinyTeX/texmf-dist/tex/latex/kvoptions/kvoptions.sty
Package: kvoptions 2022-06-15 v3.15 Key value format for package options (HO)
))
\c@section@level=\count311
) (/home/redapemusic35/.TinyTeX/texmf-dist/tex/latex/etoolbox/etoolbox.sty
Package: etoolbox 2020/10/05 v2.5k e-TeX tools for LaTeX (JAW)
\etb@tempcnta=\count312
) (/home/redapemusic35/.TinyTeX/texmf-dist/tex/generic/stringenc/stringenc.sty
Package: stringenc 2019/11/29 v1.12 Convert strings between diff. encodings (HO)
)
\@linkdim=\dimen194
\Hy@linkcounter=\count313
\Hy@pagecounter=\count314
(/home/redapemusic35/.TinyTeX/texmf-dist/tex/latex/hyperref/pd1enc.def
File: pd1enc.def 2024-07-10 v7.01j Hyperref: PDFDocEncoding definition (HO)
) (/home/redapemusic35/.TinyTeX/texmf-dist/tex/generic/intcalc/intcalc.sty
Package: intcalc 2019/12/15 v1.3 Expandable calculations with integers (HO)
)
\Hy@SavedSpaceFactor=\count315
(/home/redapemusic35/.TinyTeX/texmf-dist/tex/latex/hyperref/puenc.def
File: puenc.def 2024-07-10 v7.01j Hyperref: PDF Unicode definition (HO)
)
Package hyperref Info: Hyper figures OFF on input line 4157.
Package hyperref Info: Link nesting OFF on input line 4162.
Package hyperref Info: Hyper index ON on input line 4165.
Package hyperref Info: Plain pages OFF on input line 4172.
Package hyperref Info: Backreferencing OFF on input line 4177.
Package hyperref Info: Implicit mode ON; LaTeX internals redefined.
Package hyperref Info: Bookmarks ON on input line 4424.
\c@Hy@tempcnt=\count316
(/home/redapemusic35/.TinyTeX/texmf-dist/tex/latex/url/url.sty
\Urlmuskip=\muskip17
Package: url 2013/09/16  ver 3.4  Verb mode for urls, etc.
)
LaTeX Info: Redefining \url on input line 4763.
\XeTeXLinkMargin=\dimen195
(/home/redapemusic35/.TinyTeX/texmf-dist/tex/generic/bitset/bitset.sty
Package: bitset 2019/12/09 v1.3 Handle bit-vector datatype (HO)
(/home/redapemusic35/.TinyTeX/texmf-dist/tex/generic/bigintcalc/bigintcalc.sty
Package: bigintcalc 2019/12/15 v1.5 Expandable calculations on big integers (HO)
))
\Fld@menulength=\count317
\Field@Width=\dimen196
\Fld@charsize=\dimen197
Package hyperref Info: Hyper figures OFF on input line 6042.
Package hyperref Info: Link nesting OFF on input line 6047.
Package hyperref Info: Hyper index ON on input line 6050.
Package hyperref Info: backreferencing OFF on input line 6057.
Package hyperref Info: Link coloring OFF on input line 6062.
Package hyperref Info: Link coloring with OCG OFF on input line 6067.
Package hyperref Info: PDF/A mode OFF on input line 6072.
(/home/redapemusic35/.TinyTeX/texmf-dist/tex/latex/base/atbegshi-ltx.sty
Package: atbegshi-ltx 2021/01/10 v1.0c Emulation of the original atbegshi
package with kernel methods
)
\Hy@abspage=\count318
\c@Item=\count319
\c@Hfootnote=\count320
)
Package hyperref Info: Driver (autodetected): hxetex.
(/home/redapemusic35/.TinyTeX/texmf-dist/tex/latex/hyperref/hxetex.def
File: hxetex.def 2024-07-10 v7.01j Hyperref driver for XeTeX
\pdfm@box=\box74
\c@Hy@AnnotLevel=\count321
\HyField@AnnotCount=\count322
\Fld@listcount=\count323
\c@bookmark@seq@number=\count324
(/home/redapemusic35/.TinyTeX/texmf-dist/tex/latex/rerunfilecheck/rerunfilecheck.sty
Package: rerunfilecheck 2022-07-10 v1.10 Rerun checks for auxiliary files (HO)
(/home/redapemusic35/.TinyTeX/texmf-dist/tex/latex/base/atveryend-ltx.sty
Package: atveryend-ltx 2020/08/19 v1.0a Emulation of the original atveryend package
with kernel methods
) (/home/redapemusic35/.TinyTeX/texmf-dist/tex/generic/uniquecounter/uniquecounter.sty
Package: uniquecounter 2019/12/15 v1.4 Provide unlimited unique counter (HO)
)
Package uniquecounter Info: New unique counter `rerunfilecheck' on input line 285.
)
\Hy@SectionHShift=\skip111
)

Package fontspec Info: 
(fontspec)             Font family 'LiberationSerif(0)' created for font
(fontspec)             'Liberation Serif' with options [Ligatures=TeX].
(fontspec)              
(fontspec)              This font family consists of the following NFSS
(fontspec)             series/shapes:
(fontspec)              
(fontspec)             - 'normal' (m/n) with NFSS spec.: <->"Liberation
(fontspec)             Serif/OT:script=latn;language=dflt;mapping=tex-text;"
(fontspec)             - 'bold' (b/n) with NFSS spec.: <->"Liberation
(fontspec)             Serif/B/OT:script=latn;language=dflt;mapping=tex-text;"
(fontspec)             - 'italic' (m/it) with NFSS spec.: <->"Liberation
(fontspec)             Serif/I/OT:script=latn;language=dflt;mapping=tex-text;"
(fontspec)             - 'bold italic' (b/it) with NFSS spec.: <->"Liberation
(fontspec)             Serif/BI/OT:script=latn;language=dflt;mapping=tex-text;"

No file _main.aux.
\openout1 = `_main.aux'.

LaTeX Font Info:    Checking defaults for OML/cmm/m/it on input line 175.
LaTeX Font Info:    ... okay on input line 175.
LaTeX Font Info:    Checking defaults for OMS/cmsy/m/n on input line 175.
LaTeX Font Info:    ... okay on input line 175.
LaTeX Font Info:    Checking defaults for OT1/cmr/m/n on input line 175.
LaTeX Font Info:    ... okay on input line 175.
LaTeX Font Info:    Checking defaults for T1/cmr/m/n on input line 175.
LaTeX Font Info:    ... okay on input line 175.
LaTeX Font Info:    Checking defaults for TS1/cmr/m/n on input line 175.
LaTeX Font Info:    Trying to load font information for TS1+cmr on input line 175.
(/home/redapemusic35/.TinyTeX/texmf-dist/tex/latex/base/ts1cmr.fd
File: ts1cmr.fd 2023/04/13 v2.5m Standard LaTeX font definitions
)
LaTeX Font Info:    ... okay on input line 175.
LaTeX Font Info:    Checking defaults for TU/lmr/m/n on input line 175.
LaTeX Font Info:    ... okay on input line 175.
LaTeX Font Info:    Checking defaults for OMX/cmex/m/n on input line 175.
LaTeX Font Info:    ... okay on input line 175.
LaTeX Font Info:    Checking defaults for U/cmr/m/n on input line 175.
LaTeX Font Info:    ... okay on input line 175.
LaTeX Font Info:    Checking defaults for PD1/pdf/m/n on input line 175.
LaTeX Font Info:    ... okay on input line 175.
LaTeX Font Info:    Checking defaults for PU/pdf/m/n on input line 175.
LaTeX Font Info:    ... okay on input line 175.
*geometry* driver: auto-detecting
*geometry* detected driver: xetex
*geometry* verbose mode - [ preamble ] result:
* driver: xetex
* paper: <default>
* layout: <same size as paper>
* layoutoffset:(h,v)=(0.0pt,0.0pt)
* modes: twoside 
* h-part:(L,W,R)=(72.26999pt, 469.75502pt, 72.26999pt)
* v-part:(T,H,B)=(72.26999pt, 650.43001pt, 72.26999pt)
* \paperwidth=614.295pt
* \paperheight=794.96999pt
* \textwidth=469.75502pt
* \textheight=650.43001pt
* \oddsidemargin=0.0pt
* \evensidemargin=0.0pt
* \topmargin=-31.8738pt
* \headheight=12.0pt
* \headsep=19.8738pt
* \topskip=12.0pt
* \footskip=18.06749pt
* \marginparwidth=98.0pt
* \marginparsep=7.0pt
* \columnsep=10.0pt
* \skip\footins=10.8pt plus 4.0pt minus 2.0pt
* \hoffset=0.0pt
* \voffset=0.0pt
* \mag=1000
* \@twocolumnfalse
* \@twosidetrue
* \@mparswitchtrue
* \@reversemarginfalse
* (1in=72.27pt=25.4mm, 1cm=28.453pt)


Package fontspec Info: 
(fontspec)             Adjusting the maths setup (use [no-math] to avoid
(fontspec)             this).

\symlegacymaths=\mathgroup6
LaTeX Font Info:    Overwriting symbol font `legacymaths' in version `bold'
(Font)                  OT1/cmr/m/n --> OT1/cmr/bx/n on input line 175.
LaTeX Font Info:    Redeclaring math accent \acute on input line 175.
LaTeX Font Info:    Redeclaring math accent \grave on input line 175.
LaTeX Font Info:    Redeclaring math accent \ddot on input line 175.
LaTeX Font Info:    Redeclaring math accent \tilde on input line 175.
LaTeX Font Info:    Redeclaring math accent \bar on input line 175.
LaTeX Font Info:    Redeclaring math accent \breve on input line 175.
LaTeX Font Info:    Redeclaring math accent \check on input line 175.
LaTeX Font Info:    Redeclaring math accent \hat on input line 175.
LaTeX Font Info:    Redeclaring math accent \dot on input line 175.
LaTeX Font Info:    Redeclaring math accent \mathring on input line 175.
LaTeX Font Info:    Redeclaring math symbol \colon on input line 175.
LaTeX Font Info:    Redeclaring math symbol \Gamma on input line 175.
LaTeX Font Info:    Redeclaring math symbol \Delta on input line 175.
LaTeX Font Info:    Redeclaring math symbol \Theta on input line 175.
LaTeX Font Info:    Redeclaring math symbol \Lambda on input line 175.
LaTeX Font Info:    Redeclaring math symbol \Xi on input line 175.
LaTeX Font Info:    Redeclaring math symbol \Pi on input line 175.
LaTeX Font Info:    Redeclaring math symbol \Sigma on input line 175.
LaTeX Font Info:    Redeclaring math symbol \Upsilon on input line 175.
LaTeX Font Info:    Redeclaring math symbol \Phi on input line 175.
LaTeX Font Info:    Redeclaring math symbol \Psi on input line 175.
LaTeX Font Info:    Redeclaring math symbol \Omega on input line 175.
LaTeX Font Info:    Redeclaring math symbol \mathdollar on input line 175.
LaTeX Font Info:    Redeclaring symbol font `operators' on input line 175.
LaTeX Font Info:    Encoding `OT1' has changed to `TU' for symbol font
(Font)              `operators' in the math version `normal' on input line 175.
LaTeX Font Info:    Overwriting symbol font `operators' in version `normal'
(Font)                  OT1/cmr/m/n --> TU/LiberationSerif(0)/m/n on input line 175.
LaTeX Font Info:    Encoding `OT1' has changed to `TU' for symbol font
(Font)              `operators' in the math version `bold' on input line 175.
LaTeX Font Info:    Overwriting symbol font `operators' in version `bold'
(Font)                  OT1/cmr/bx/n --> TU/LiberationSerif(0)/m/n on input line 175.
LaTeX Font Info:    Overwriting symbol font `operators' in version `normal'
(Font)                  TU/LiberationSerif(0)/m/n --> TU/LiberationSerif(0)/m/n on input line 175.
LaTeX Font Info:    Overwriting math alphabet `\mathit' in version `normal'
(Font)                  OT1/cmr/m/it --> TU/LiberationSerif(0)/m/it on input line 175.
LaTeX Font Info:    Overwriting math alphabet `\mathbf' in version `normal'
(Font)                  OT1/cmr/bx/n --> TU/LiberationSerif(0)/b/n on input line 175.
LaTeX Font Info:    Overwriting math alphabet `\mathsf' in version `normal'
(Font)                  OT1/cmss/m/n --> TU/lmss/m/n on input line 175.
LaTeX Font Info:    Overwriting math alphabet `\mathtt' in version `normal'
(Font)                  OT1/cmtt/m/n --> TU/lmtt/m/n on input line 175.
LaTeX Font Info:    Overwriting symbol font `operators' in version `bold'
(Font)                  TU/LiberationSerif(0)/m/n --> TU/LiberationSerif(0)/b/n on input line 175.
LaTeX Font Info:    Overwriting math alphabet `\mathit' in version `bold'
(Font)                  OT1/cmr/bx/it --> TU/LiberationSerif(0)/b/it on input line 175.
LaTeX Font Info:    Overwriting math alphabet `\mathsf' in version `bold'
(Font)                  OT1/cmss/bx/n --> TU/lmss/b/n on input line 175.
LaTeX Font Info:    Overwriting math alphabet `\mathtt' in version `bold'
(Font)                  OT1/cmtt/m/n --> TU/lmtt/b/n on input line 175.
Package hyperref Info: Link coloring OFF on input line 175.
\@outlinefile=\write4
\openout4 = `_main.out'.


Package hyperref Warning: Rerun to get /PageLabels entry.

No file _main.toc.
\tf@toc=\write5
\openout5 = `_main.toc'.



[1


]

[2

]

[1]

[2]

[3] (./_main.toc)
\tf@toc=\write6
\openout6 = `_main.toc'.

No file _main.lot.
\tf@lot=\write7
\openout7 = `_main.lot'.

No file _main.lof.
\tf@lof=\write8
\openout8 = `_main.lof'.



[4]
Chapter 1.


[1


]
Underfull \vbox (badness 10000) has occurred while \output is active []



[2]
LaTeX Font Info:    Trying to load font information for U+msa on input line 224.
(/home/redapemusic35/.TinyTeX/texmf-dist/tex/latex/amsfonts/umsa.fd
File: umsa.fd 2013/01/14 v3.01 AMS symbols A
)
LaTeX Font Info:    Trying to load font information for U+msb on input line 224.
(/home/redapemusic35/.TinyTeX/texmf-dist/tex/latex/amsfonts/umsb.fd
File: umsb.fd 2013/01/14 v3.01 AMS symbols B
)

[3]

[4]
Package hyperref Info: bookmark level for unknown remark defaults to 0 on input line 235.


[5]

[6]

[7]
Underfull \vbox (badness 10000) has occurred while \output is active []



[8]
Underfull \vbox (badness 10000) has occurred while \output is active []



[9]

Package hyperref Warning: The anchor of a bookmark and its parent's must not
(hyperref)                be the same. Added a new anchor on input line 259.



[10]
Underfull \vbox (badness 10000) has occurred while \output is active []



[11]
Underfull \vbox (badness 10000) has occurred while \output is active []



[12]

[13]
Underfull \vbox (badness 10000) has occurred while \output is active []



[14]
Underfull \vbox (badness 7064) has occurred while \output is active []



[15]

[16]
Chapter 2.


[17

]
Underfull \vbox (badness 10000) has occurred while \output is active []



[18]

[19]

[20]

[21]

[22]

[23]
Underfull \vbox (badness 10000) has occurred while \output is active []



[24]
Underfull \vbox (badness 10000) has occurred while \output is active []



[25]

Package hyperref Warning: The anchor of a bookmark and its parent's must not
(hyperref)                be the same. Added a new anchor on input line 345.



[26]
Underfull \vbox (badness 10000) has occurred while \output is active []



[27]
Underfull \vbox (badness 10000) has occurred while \output is active []



[28]

[29]
Underfull \vbox (badness 10000) has occurred while \output is active []



[30]
Underfull \vbox (badness 7064) has occurred while \output is active []



[31]

[32]
Chapter 3.


[33

]

[34]

Package hyperref Warning: The anchor of a bookmark and its parent's must not
(hyperref)                be the same. Added a new anchor on input line 405.



[35]
Underfull \vbox (badness 10000) has occurred while \output is active []



[36]

[37]
Underfull \vbox (badness 10000) has occurred while \output is active []



[38]
Underfull \vbox (badness 2435) has occurred while \output is active []



[39]

[40]

[41]
Underfull \vbox (badness 10000) has occurred while \output is active []



[42]
Underfull \vbox (badness 1325) has occurred while \output is active []



[43]

Package hyperref Warning: The anchor of a bookmark and its parent's must not
(hyperref)                be the same. Added a new anchor on input line 550.



[44]
Underfull \vbox (badness 10000) has occurred while \output is active []



[45]
Underfull \vbox (badness 2150) has occurred while \output is active []



[46]
Underfull \vbox (badness 10000) has occurred while \output is active []



[47]
Underfull \vbox (badness 10000) has occurred while \output is active []



[48]

[49]

[50

]
Chapter 4.


[51]

Package hyperref Warning: The anchor of a bookmark and its parent's must not
(hyperref)                be the same. Added a new anchor on input line 583.



[52]

Package hyperref Warning: The anchor of a bookmark and its parent's must not
(hyperref)                be the same. Added a new anchor on input line 608.



[53]

[54]

[55]

Package hyperref Warning: The anchor of a bookmark and its parent's must not
(hyperref)                be the same. Added a new anchor on input line 636.



[56]

[57]

[58]

[59]

[60]
Underfull \vbox (badness 3724) has occurred while \output is active []



[61]
Underfull \vbox (badness 10000) has occurred while \output is active []



[62]

[63]

[64]
Underfull \vbox (badness 1354) has occurred while \output is active []



[65]

[66]

[67]

[68

]
Chapter 5.


[69]

[70]

Package hyperref Warning: The anchor of a bookmark and its parent's must not
(hyperref)                be the same. Added a new anchor on input line 778.



[71]
Underfull \vbox (badness 10000) has occurred while \output is active []



[72]
Underfull \vbox (badness 4752) has occurred while \output is active []



[73]

[74]

Package hyperref Warning: The anchor of a bookmark and its parent's must not
(hyperref)                be the same. Added a new anchor on input line 809.



[75]

[76]

[77]
Underfull \vbox (badness 2150) has occurred while \output is active []



[78]

[79]

[80]
Underfull \vbox (badness 4752) has occurred while \output is active []



[81]

[82]

[83]

[84]

[85]

Package hyperref Warning: The anchor of a bookmark and its parent's must not
(hyperref)                be the same. Added a new anchor on input line 1003.



[86]
Underfull \vbox (badness 10000) has occurred while \output is active []



[87]
Underfull \vbox (badness 4752) has occurred while \output is active []



[88]

[89]

[90]
Chapter 6.


[91

]
Underfull \vbox (badness 10000) has occurred while \output is active []



[92]

[93]
Underfull \vbox (badness 10000) has occurred while \output is active []



[94]
Underfull \vbox (badness 10000) has occurred while \output is active []



[95]

[96]

[97]

[98]
Underfull \vbox (badness 10000) has occurred while \output is active []



[99]
Underfull \vbox (badness 10000) has occurred while \output is active []



[100]

[101]
Underfull \vbox (badness 10000) has occurred while \output is active []



[102]

[103]
Underfull \vbox (badness 2150) has occurred while \output is active []



[104]
Underfull \vbox (badness 10000) has occurred while \output is active []



[105]

[106]

[107]

[108]

[109]

[110]
Underfull \vbox (badness 2165) has occurred while \output is active []



[111]
Underfull \vbox (badness 10000) has occurred while \output is active []



[112]
Underfull \vbox (badness 10000) has occurred while \output is active []



[113]

[114]

[115]
Underfull \vbox (badness 10000) has occurred while \output is active []



[116]

[117]

[118

]
Chapter 7.


[119]
Underfull \vbox (badness 2150) has occurred while \output is active []



[120]

[121]

[122]
Underfull \vbox (badness 2150) has occurred while \output is active []



[123]
File: _main_files/figure-latex/unnamed-chunk-1-1.pdf Graphic file (type pdf)
<use _main_files/figure-latex/unnamed-chunk-1-1.pdf>
File: _main_files/figure-latex/unnamed-chunk-2-1.pdf Graphic file (type pdf)
<use _main_files/figure-latex/unnamed-chunk-2-1.pdf>

Underfull \vbox (badness 5696) has occurred while \output is active []



[124]

[125]

[126]

[127]

Package hyperref Warning: The anchor of a bookmark and its parent's must not
(hyperref)                be the same. Added a new anchor on input line 1397.


Underfull \vbox (badness 10000) has occurred while \output is active []



[128]

[129]
Underfull \vbox (badness 2150) has occurred while \output is active []



[130]

[131]

[132]

[133]

[134]

[135]
Underfull \vbox (badness 1354) has occurred while \output is active []



[136]
Underfull \vbox (badness 2150) has occurred while \output is active []



[137]

[138]

[139]

[140]

[141]

[142]

[143]
File: _main_files/figure-latex/unnamed-chunk-3-1.pdf Graphic file (type pdf)
<use _main_files/figure-latex/unnamed-chunk-3-1.pdf>


[144]

[145]

[146]
Underfull \vbox (badness 2359) has occurred while \output is active []



[147]

[148]

[149]

[150]
File: _main_files/figure-latex/unnamed-chunk-4-1.pdf Graphic file (type pdf)
<use _main_files/figure-latex/unnamed-chunk-4-1.pdf>


[151]

[152]
Chapter 8.


[153

]
Underfull \vbox (badness 10000) has occurred while \output is active []



[154]

[155]

Package hyperref Warning: The anchor of a bookmark and its parent's must not
(hyperref)                be the same. Added a new anchor on input line 1696.



[156]

Package hyperref Warning: The anchor of a bookmark and its parent's must not
(hyperref)                be the same. Added a new anchor on input line 1707.


Underfull \vbox (badness 10000) has occurred while \output is active []



[157]

[158]
Underfull \vbox (badness 10000) has occurred while \output is active []



[159]

[160]

[161]
Underfull \vbox (badness 10000) has occurred while \output is active []



[162]
Underfull \vbox (badness 10000) has occurred while \output is active []



[163]
Underfull \vbox (badness 10000) has occurred while \output is active []



[164]
Underfull \vbox (badness 3724) has occurred while \output is active []



[165]
Underfull \vbox (badness 10000) has occurred while \output is active []



[166]
Underfull \vbox (badness 10000) has occurred while \output is active []



[167]
Underfull \vbox (badness 10000) has occurred while \output is active []



[168]

[169]
Underfull \vbox (badness 2150) has occurred while \output is active []



[170]
Underfull \vbox (badness 10000) has occurred while \output is active []



[171]

[172]
Chapter 9.


[173

]
Underfull \vbox (badness 10000) has occurred while \output is active []



[174]

[175]

[176]

[177]

[178]

[179]

[180]
Underfull \vbox (badness 10000) has occurred while \output is active []



[181]

[182]

[183]
Underfull \vbox (badness 10000) has occurred while \output is active []



[184]

[185]
Underfull \vbox (badness 2435) has occurred while \output is active []



[186]

[187]

Package hyperref Warning: Difference (2) between bookmark levels is greater 
(hyperref)                than one, level fixed on input line 1984.



[188]
Underfull \vbox (badness 3713) has occurred while \output is active []



[189]

[190]
Chapter 10.


[191

]
Underfull \vbox (badness 3724) has occurred while \output is active []



[192]

[193]

[194]

[195]
Underfull \vbox (badness 2150) has occurred while \output is active []



[196]
Underfull \vbox (badness 2150) has occurred while \output is active []



[197]

[198]

Package hyperref Warning: The anchor of a bookmark and its parent's must not
(hyperref)                be the same. Added a new anchor on input line 2061.



[199]

[200]
Underfull \vbox (badness 2150) has occurred while \output is active []



[201]
Underfull \vbox (badness 2150) has occurred while \output is active []



[202]
Underfull \vbox (badness 2150) has occurred while \output is active []



[203]

[204]

[205]
Underfull \vbox (badness 10000) has occurred while \output is active []



[206]

Package hyperref Warning: The anchor of a bookmark and its parent's must not
(hyperref)                be the same. Added a new anchor on input line 2142.



[207]
Underfull \vbox (badness 10000) has occurred while \output is active []



[208]

[209]

[210]

[211]

[212]

[213]

[214]

[215]

Package hyperref Warning: The anchor of a bookmark and its parent's must not
(hyperref)                be the same. Added a new anchor on input line 2244.



[216]

[217]

[218]

[219]

[220]

[221]

[222]
Chapter 11.


[223

]

[224

]
Chapter 12.

! LaTeX Error: Lonely \item--perhaps a missing list environment.

See the LaTeX manual or LaTeX Companion for explanation.
Type  H <return>  for immediate help.
 ...                                              
                                                  
l.2344 \bibitem[\citeproctext]{ref-abel22}
                                           
Here is how much of TeX's memory you used:
 15754 strings out of 476234
 300424 string characters out of 5786978
 742425 words of memory out of 5000000
 38040 multiletter control sequences out of 15000+600000
 565119 words of font info for 94 fonts, out of 8000000 for 9000
 14 hyphenation exceptions out of 8191
 79i,12n,93p,4115b,569s stack positions out of 10000i,1000n,20000p,200000b,200000s

Output written on _main.pdf (230 pages).
